2026-03-21 15:42:02 - 当前inputTokens: 59070 / 阈值: 160000
2026-03-21 17:03:26 - 无法获取session信息
2026-03-21 17:18:48 - 无法获取session信息
2026-03-21 17:34:12 - 无法获取session信息
2026-03-21 17:49:02 - 无法获取session信息
2026-03-21 18:03:34 - 无法获取session信息
2026-03-21 19:10:49 - 无法获取session信息
2026-03-21 19:23:45 - 无法获取session信息
2026-03-21 19:26:31 - 无法获取session信息
2026-03-21 19:58:15 - 无法获取session信息
2026-03-22 12:12:14 - 无法获取session信息
2026-03-22 12:42:25 - 无法获取session信息
2026-03-22 12:57:12 - 无法获取session信息
2026-03-22 13:03:27 - 无法获取session信息
2026-03-22 13:12:09 - 无法获取session信息
2026-03-22 13:42:59 - 无法获取session信息
2026-03-22 14:12:23 - 无法获取session信息
2026-03-22 14:42:27 - 无法获取session信息
2026-03-22 18:12:53 - 无法获取session信息
2026-03-22 18:42:54 - 无法获取session信息
2026-03-22 18:57:53 - 无法获取session信息
2026-03-22 19:12:54 - 无法获取session信息
2026-03-22 19:27:54 - 无法获取session信息
2026-03-22 19:42:54 - 无法获取session信息
2026-03-22 19:57:57 - 无法获取session信息
2026-03-22 20:13:12 - 无法获取session信息
2026-03-22 20:45:47 - 无法获取session信息
2026-03-22 21:00:13 - 无法获取session信息
2026-03-22 21:16:06 - 无法获取session信息
2026-03-22 21:30:15 - 无法获取session信息
2026-03-22 21:45:59 - 无法获取session信息
2026-03-22 22:00:19 - 无法获取session信息
2026-03-22 23:11:38 - 通过文件大小估算token: 72020
2026-03-22 23:11:38 - 当前估算token数: 72020 / 阈值: 160000
2026-03-22 23:15:27 - 通过文件大小估算token: 72020
2026-03-22 23:15:27 - 当前估算token数: 72020 / 阈值: 160000
2026-03-22 23:25:25 - 通过 openclaw 获取token: 22410
2026-03-22 23:25:25 - 当前估算token数: 22410 / 阈值: 160000
2026-03-22 23:30:02 - 通过 openclaw 获取token: 22410
2026-03-22 23:30:02 - 当前估算token数: 22410 / 阈值: 160000
2026-03-22 23:45:30 - 通过 openclaw 获取token: 22410
2026-03-22 23:45:30 - 当前估算token数: 22410 / 阈值: 160000
2026-03-23 00:00:05 - 通过 openclaw 获取token: 22410
2026-03-23 00:00:05 - 当前估算token数: 22410 / 阈值: 160000
2026-03-23 04:20:42 - 通过 openclaw 获取token: 0
2026-03-23 04:20:42 - 通过文件大小估算token: 72020
2026-03-23 04:20:42 - 当前估算token数: 72020 / 阈值: 160000
2026-03-23 04:35:17 - 通过 openclaw 获取token: 0
2026-03-23 04:35:17 - 通过文件大小估算token: 72020
2026-03-23 04:35:17 - 当前估算token数: 72020 / 阈值: 160000
2026-03-23 05:05:23 - 通过 openclaw 获取token: 0
2026-03-23 05:05:23 - 通过文件大小估算token: 72020
2026-03-23 05:05:23 - 当前估算token数: 72020 / 阈值: 160000
2026-03-23 05:20:41 - 通过 openclaw 获取token: 0
2026-03-23 05:20:41 - 通过文件大小估算token: 72130
2026-03-23 05:20:41 - 当前估算token数: 72130 / 阈值: 160000
2026-03-23 05:35:24 - 通过 openclaw 获取token: 0
2026-03-23 05:35:24 - 通过文件大小估算token: 72020
2026-03-23 05:35:24 - 当前估算token数: 72020 / 阈值: 160000
2026-03-23 05:50:49 - 通过 openclaw 获取token: 0
2026-03-23 05:50:49 - 通过文件大小估算token: 72020
2026-03-23 05:50:49 - 当前估算token数: 72020 / 阈值: 160000
2026-03-23 06:05:25 - 通过 openclaw 获取token: 0
2026-03-23 06:05:25 - 通过文件大小估算token: 72020
2026-03-23 06:05:25 - 当前估算token数: 72020 / 阈值: 160000
2026-03-23 06:20:46 - 通过 openclaw 获取token: 0
2026-03-23 06:20:46 - 通过文件大小估算token: 72020
2026-03-23 06:20:46 - 当前估算token数: 72020 / 阈值: 160000
2026-03-23 06:35:29 - 通过 openclaw 获取token: 0
2026-03-23 06:35:29 - 通过文件大小估算token: 72020
2026-03-23 06:35:29 - 当前估算token数: 72020 / 阈值: 160000
2026-03-23 06:50:48 - 通过 openclaw 获取token: 0
2026-03-23 06:50:48 - 通过文件大小估算token: 72020
2026-03-23 06:50:48 - 当前估算token数: 72020 / 阈值: 160000
2026-03-23 07:05:25 - 通过 openclaw 获取token: 0
2026-03-23 07:05:25 - 通过文件大小估算token: 72020
2026-03-23 07:05:25 - 当前估算token数: 72020 / 阈值: 160000
2026-03-23 07:20:57 - 通过 openclaw 获取token: 30043
2026-03-23 07:20:57 - 当前估算token数: 30043 / 阈值: 160000
2026-03-23 07:35:31 - 通过 openclaw 获取token: 0
2026-03-23 07:35:31 - 通过文件大小估算token: 72020
2026-03-23 07:35:31 - 当前估算token数: 72020 / 阈值: 160000
2026-03-23 07:50:56 - 通过 openclaw 获取token: 0
2026-03-23 07:50:56 - 通过文件大小估算token: 72020
2026-03-23 07:50:56 - 当前估算token数: 72020 / 阈值: 160000
2026-03-23 08:05:41 - 通过 openclaw 获取token: 0
2026-03-23 08:05:41 - 通过文件大小估算token: 72020
2026-03-23 08:05:41 - 当前估算token数: 72020 / 阈值: 160000
2026-03-23 08:20:57 - 通过 openclaw 获取token: 0
2026-03-23 08:20:57 - 通过文件大小估算token: 72020
2026-03-23 08:20:57 - 当前估算token数: 72020 / 阈值: 160000
2026-03-23 08:35:31 - 通过 openclaw 获取token: 0
2026-03-23 08:35:31 - 通过文件大小估算token: 72020
2026-03-23 08:35:31 - 当前估算token数: 72020 / 阈值: 160000
2026-03-23 08:50:59 - 通过 openclaw 获取token: 0
2026-03-23 08:50:59 - 通过文件大小估算token: 72020
2026-03-23 08:50:59 - 当前估算token数: 72020 / 阈值: 160000
2026-03-23 09:05:55 - 通过 openclaw 获取token: 0
2026-03-23 09:05:55 - 通过文件大小估算token: 72020
2026-03-23 09:05:55 - 当前估算token数: 72020 / 阈值: 160000
2026-03-23 09:20:55 - 通过 openclaw 获取token: 30086
2026-03-23 09:20:55 - 当前估算token数: 30086 / 阈值: 160000
2026-03-23 09:51:07 - 通过 openclaw 获取token: 0
2026-03-23 09:51:07 - 通过文件大小估算token: 72020
2026-03-23 09:51:07 - 当前估算token数: 72020 / 阈值: 160000
2026-03-23 10:05:32 - 通过 openclaw 获取token: 0
2026-03-23 10:05:32 - 通过文件大小估算token: 72020
2026-03-23 10:05:32 - 当前估算token数: 72020 / 阈值: 160000
2026-03-23 10:20:55 - 通过 openclaw 获取token: 0
2026-03-23 10:20:55 - 通过文件大小估算token: 72020
2026-03-23 10:20:55 - 当前估算token数: 72020 / 阈值: 160000
2026-03-23 10:44:42 - 通过 openclaw 获取token: 30057
2026-03-23 10:44:42 - 当前估算token数: 30057 / 阈值: 160000
2026-03-23 11:14:47 - 通过 openclaw 获取token: 70800
2026-03-23 11:14:47 - 当前估算token数: 70800 / 阈值: 160000
2026-03-23 11:29:44 - 通过 openclaw 获取token: 70800
2026-03-23 11:29:44 - 当前估算token数: 70800 / 阈值: 160000
2026-03-23 11:44:43 - 通过 openclaw 获取token: 12890
2026-03-23 11:44:43 - 当前估算token数: 12890 / 阈值: 160000
